<?xml version="1.0" encoding="UTF-8"?>
<!-- Generated by org.testng.reporters.JUnitReportReporter -->
<testsuite skipped="0" hostname="BLUEAVES-3" name="POM_Login_TC.TC_loginScreen" tests="1" failures="0" timestamp="14 Jul 2021 09:09:33 GMT" time="11.549" errors="0">
  <testcase name="login" time="11.549" classname="POM_Login_TC.TC_loginScreen"/>
</testsuite> <!-- POM_Login_TC.TC_loginScreen -->
