<?xml version="1.0" encoding="UTF-8"?>
<!-- Generated by org.testng.reporters.JUnitReportReporter -->
<testsuite skipped="0" hostname="BLUEAVES-3" name="utility.HeadlessBrowser" tests="1" failures="0" timestamp="01 Nov 2020 10:25:37 GMT" time="1.699" errors="0">
  <testcase name="headlessVerifyTitle" time="1.699" classname="utility.HeadlessBrowser"/>
</testsuite> <!-- utility.HeadlessBrowser -->
