<?xml version="1.0" encoding="UTF-8"?>
<!-- Generated by org.testng.reporters.JUnitReportReporter -->
<testsuite hostname="BLUEAVES-3" name="Academy.validateTitle" tests="1" failures="0" timestamp="29 Sep 2020 10:35:57 GMT" time="0.037" errors="0">
  <testcase name="validateAppTitle" time="0.037" classname="Academy.validateTitle"/>
</testsuite> <!-- Academy.validateTitle -->
