<?xml version="1.0" encoding="UTF-8"?>
<!-- Generated by org.testng.reporters.JUnitReportReporter -->
<testsuite hostname="BLUEAVES-3" name="Academy.HomePage" tests="2" failures="0" timestamp="29 Sep 2020 10:35:57 GMT" time="5.207" errors="0">
  <testcase name="basePageNavigation" time="1.766" classname="Academy.HomePage"/>
  <testcase name="basePageNavigation" time="3.441" classname="Academy.HomePage"/>
</testsuite> <!-- Academy.HomePage -->
